Figwheel: focusing on build-ids (app)
[0mCompiling "resources/public/js/app.js" from ["src/cljs" "env/dev/cljs"]...
[32mSuccessfully compiled "resources/public/js/app.js" in 0.18 seconds.[0m
notifying browser that file changed:  resources/public/js/out/goog/deps.js
notifying browser that file changed:  resources/public/js/out/cljs_deps.js
notifying browser that file changed:  /ordinator/core.js
notifying browser that file changed:  /ordinator/dev.js
[0mCompiling "resources/public/js/app.js" from ["src/cljs" "env/dev/cljs"]...
[32mSuccessfully compiled "resources/public/js/app.js" in 0.174 seconds.[0m
notifying browser that file changed:  /ordinator/core.js
[0mCompiling "resources/public/js/app.js" from ["src/cljs" "env/dev/cljs"]...
[32mSuccessfully compiled "resources/public/js/app.js" in 0.161 seconds.[0m
notifying browser that file changed:  /ordinator/core.js
[0mCompiling "resources/public/js/app.js" from ["src/cljs" "env/dev/cljs"]...
[32mSuccessfully compiled "resources/public/js/app.js" in 0.157 seconds.[0m
notifying browser that file changed:  /ordinator/core.js
[0mCompiling "resources/public/js/app.js" from ["src/cljs" "env/dev/cljs"]...
[32mSuccessfully compiled "resources/public/js/app.js" in 0.161 seconds.[0m
notifying browser that file changed:  /ordinator/core.js
[0mCompiling "resources/public/js/app.js" from ["src/cljs" "env/dev/cljs"]...
[32mSuccessfully compiled "resources/public/js/app.js" in 0.169 seconds.[0m
notifying browser that file changed:  /ordinator/core.js
[0mCompiling "resources/public/js/app.js" from ["src/cljs" "env/dev/cljs"]...
WARNING: about-page at line 17 is being replaced at line 21 src/cljs/ordinator/core.cljs
[31mCompiling "resources/public/js/app.js" failed.[0m
clojure.lang.ExceptionInfo: failed compiling file:src/cljs/ordinator/core.cljs
 at clojure.core$ex_info.invoke (core.clj:4593)
    cljs.compiler$compile_file$fn__3059.invoke (compiler.cljc:1146)
    cljs.compiler$compile_file.invoke (compiler.cljc:1109)
    cljs.compiler$compile_root.invoke (compiler.cljc:1181)
    cljs.closure$compile_dir.invoke (closure.clj:385)
    cljs.closure$eval3467$fn__3468.invoke (closure.clj:425)
    cljs.closure$eval3420$fn__3421$G__3411__3428.invoke (closure.clj:331)
    cljs.closure$eval3480$fn__3481.invoke (closure.clj:439)
    cljs.closure$eval3420$fn__3421$G__3411__3428.invoke (closure.clj:331)
    clojurescript_build.core.CompilableSourcePaths/fn (core.clj:20)
    clojure.lang.PersistentVector.reduce (PersistentVector.java:333)
    clojure.core$reduce.invoke (core.clj:6518)
    clojurescript_build.core.CompilableSourcePaths._compile (core.clj:19)
    cljs.closure$build.invoke (closure.clj:1476)
    clojurescript_build.core$build_source_paths_STAR_.invoke (core.clj:160)
    figwheel_sidecar.auto_builder$default_build_options$fn__15956.invoke (auto_builder.clj:78)
    figwheel_sidecar.auto_builder$insert_figwheel_connect_script$fn__16002.invoke (auto_builder.clj:217)
    figwheel_sidecar.auto_builder$warning$fn__15953.invoke (auto_builder.clj:74)
    clojurescript_build.auto$time_build$fn__15749.invoke (auto.clj:55)
    clojurescript_build.auto$after$fn__15755.invoke (auto.clj:64)
    clojurescript_build.auto$after$fn__15755.invoke (auto.clj:64)
    clojurescript_build.auto$after$fn__15755.invoke (auto.clj:64)
    clojurescript_build.auto$error$fn__15758.invoke (auto.clj:71)
    clojurescript_build.auto$before$fn__15752.invoke (auto.clj:60)
    clojurescript_build.auto$make_conditional_builder$fn__15770.invoke (auto.clj:103)
    clojure.core$mapv$fn__6727.invoke (core.clj:6616)
    clojure.lang.PersistentVector.reduce (PersistentVector.java:333)
    clojure.core$reduce.invoke (core.clj:6518)
    clojure.core$mapv.invoke (core.clj:6616)
    clojurescript_build.auto$autobuild_STAR_$fn__15856$state_machine__9202__auto____15857$fn__15862.invoke (auto.clj:186)
[0mCompiling "resources/public/js/app.js" from ["src/cljs" "env/dev/cljs"]...
[32mSuccessfully compiled "resources/public/js/app.js" in 0.171 seconds.[0m
notifying browser that file changed:  /ordinator/core.js
Figwheel: focusing on build-ids (app)
[0mCompiling "resources/public/js/app.js" from ["src/cljs" "env/dev/cljs"]...
[32mSuccessfully compiled "resources/public/js/app.js" in 0.2 seconds.[0m
notifying browser that file changed:  resources/public/js/out/goog/deps.js
notifying browser that file changed:  resources/public/js/out/cljs_deps.js
notifying browser that file changed:  /ordinator/core.js
notifying browser that file changed:  /ordinator/dev.js
[0mCompiling "resources/public/js/app.js" from ["src/cljs" "env/dev/cljs"]...
WARNING: Use of undeclared Var ordinator.core/render-order at line 23 src/cljs/ordinator/core.cljs
[32mSuccessfully compiled "resources/public/js/app.js" in 0.919 seconds.[0m
notifying browser that file changed:  /ordinator/core.js
[0mCompiling "resources/public/js/app.js" from ["src/cljs" "env/dev/cljs"]...
[32mSuccessfully compiled "resources/public/js/app.js" in 0.432 seconds.[0m
notifying browser that file changed:  /ordinator/core.js
[0mCompiling "resources/public/js/app.js" from ["src/cljs" "env/dev/cljs"]...
WARNING: No such namespace: u, could not locate u.cljs, u.cljc, or Closure namespace "" at line 30 src/cljs/ordinator/core.cljs
WARNING: Use of undeclared Var u/tocurrency at line 30 src/cljs/ordinator/core.cljs
WARNING: No such namespace: u, could not locate u.cljs, u.cljc, or Closure namespace "" at line 33 src/cljs/ordinator/core.cljs
WARNING: Use of undeclared Var u/tocurrency at line 33 src/cljs/ordinator/core.cljs
WARNING: No such namespace: u, could not locate u.cljs, u.cljc, or Closure namespace "" at line 30 src/cljs/ordinator/core.cljs
WARNING: Use of undeclared Var u/tocurrency at line 30 src/cljs/ordinator/core.cljs
WARNING: No such namespace: u, could not locate u.cljs, u.cljc, or Closure namespace "" at line 33 src/cljs/ordinator/core.cljs
WARNING: Use of undeclared Var u/tocurrency at line 33 src/cljs/ordinator/core.cljs
WARNING: Use of undeclared Var ordinator.core/member-order at line 25 src/cljs/ordinator/core.cljs
WARNING: No such namespace: u, could not locate u.cljs, u.cljc, or Closure namespace "" at line 39 src/cljs/ordinator/core.cljs
WARNING: Use of undeclared Var u/tocurrency at line 39 src/cljs/ordinator/core.cljs
WARNING: Use of undeclared Var ordinator.core/order-total at line 39 src/cljs/ordinator/core.cljs
[32mSuccessfully compiled "resources/public/js/app.js" in 0.763 seconds.[0m
notifying browser that file changed:  /ordinator/core.js
[0mCompiling "resources/public/js/app.js" from ["src/cljs" "env/dev/cljs"]...
WARNING: No such namespace: u, could not locate u.cljs, u.cljc, or Closure namespace "" at line 30 src/cljs/ordinator/core.cljs
WARNING: Use of undeclared Var u/tocurrency at line 30 src/cljs/ordinator/core.cljs
WARNING: No such namespace: u, could not locate u.cljs, u.cljc, or Closure namespace "" at line 33 src/cljs/ordinator/core.cljs
WARNING: Use of undeclared Var u/tocurrency at line 33 src/cljs/ordinator/core.cljs
WARNING: No such namespace: u, could not locate u.cljs, u.cljc, or Closure namespace "" at line 30 src/cljs/ordinator/core.cljs
WARNING: Use of undeclared Var u/tocurrency at line 30 src/cljs/ordinator/core.cljs
WARNING: No such namespace: u, could not locate u.cljs, u.cljc, or Closure namespace "" at line 33 src/cljs/ordinator/core.cljs
WARNING: Use of undeclared Var u/tocurrency at line 33 src/cljs/ordinator/core.cljs
WARNING: Use of undeclared Var ordinator.core/member-order at line 25 src/cljs/ordinator/core.cljs
WARNING: No such namespace: u, could not locate u.cljs, u.cljc, or Closure namespace "" at line 39 src/cljs/ordinator/core.cljs
WARNING: Use of undeclared Var u/tocurrency at line 39 src/cljs/ordinator/core.cljs
WARNING: Use of undeclared Var ordinator.core/order-total at line 39 src/cljs/ordinator/core.cljs
[32mSuccessfully compiled "resources/public/js/app.js" in 0.442 seconds.[0m
notifying browser that file changed:  /ordinator/core.js
[0mCompiling "resources/public/js/app.js" from ["src/cljs" "env/dev/cljs"]...
WARNING: No such namespace: u, could not locate u.cljs, u.cljc, or Closure namespace "" at line 30 src/cljs/ordinator/core.cljs
WARNING: Use of undeclared Var u/tocurrency at line 30 src/cljs/ordinator/core.cljs
WARNING: No such namespace: u, could not locate u.cljs, u.cljc, or Closure namespace "" at line 33 src/cljs/ordinator/core.cljs
WARNING: Use of undeclared Var u/tocurrency at line 33 src/cljs/ordinator/core.cljs
WARNING: No such namespace: u, could not locate u.cljs, u.cljc, or Closure namespace "" at line 30 src/cljs/ordinator/core.cljs
WARNING: Use of undeclared Var u/tocurrency at line 30 src/cljs/ordinator/core.cljs
WARNING: No such namespace: u, could not locate u.cljs, u.cljc, or Closure namespace "" at line 33 src/cljs/ordinator/core.cljs
WARNING: Use of undeclared Var u/tocurrency at line 33 src/cljs/ordinator/core.cljs
WARNING: Use of undeclared Var ordinator.core/member-order at line 25 src/cljs/ordinator/core.cljs
[32mSuccessfully compiled "resources/public/js/app.js" in 0.398 seconds.[0m
notifying browser that file changed:  /ordinator/core.js
[0mCompiling "resources/public/js/app.js" from ["src/cljs" "env/dev/cljs"]...
WARNING: Use of undeclared Var ordinator.core/format at line 12 src/cljs/ordinator/core.cljs
WARNING: Use of undeclared Var ordinator.core/member-order at line 29 src/cljs/ordinator/core.cljs
[32mSuccessfully compiled "resources/public/js/app.js" in 0.296 seconds.[0m
notifying browser that file changed:  /ordinator/core.js
[0mCompiling "resources/public/js/app.js" from ["src/cljs" "env/dev/cljs"]...
WARNING: Use of undeclared Var ordinator.core/member-order at line 29 src/cljs/ordinator/core.cljs
[32mSuccessfully compiled "resources/public/js/app.js" in 0.241 seconds.[0m
notifying browser that file changed:  /ordinator/core.js
[0mCompiling "resources/public/js/app.js" from ["src/cljs" "env/dev/cljs"]...
WARNING: Use of undeclared Var ordinator.core/member-order at line 31 src/cljs/ordinator/core.cljs
[32mSuccessfully compiled "resources/public/js/app.js" in 0.254 seconds.[0m
notifying browser that file changed:  /ordinator/core.js
[0mCompiling "resources/public/js/app.js" from ["src/cljs" "env/dev/cljs"]...
[32mSuccessfully compiled "resources/public/js/app.js" in 0.229 seconds.[0m
notifying browser that file changed:  /ordinator/core.js
[0mCompiling "resources/public/js/app.js" from ["src/cljs" "env/dev/cljs"]...
[32mSuccessfully compiled "resources/public/js/app.js" in 0.226 seconds.[0m
notifying browser that file changed:  /ordinator/core.js
[0mCompiling "resources/public/js/app.js" from ["src/cljs" "env/dev/cljs"]...
[32mSuccessfully compiled "resources/public/js/app.js" in 0.229 seconds.[0m
notifying browser that file changed:  resources/public/js/out/cljs_deps.js
notifying browser that file changed:  /ordinator/core.js
[0mCompiling "resources/public/js/app.js" from ["src/cljs" "env/dev/cljs"]...
[32mSuccessfully compiled "resources/public/js/app.js" in 0.316 seconds.[0m
notifying browser that file changed:  resources/public/js/out/cljs_deps.js
notifying browser that file changed:  /cljs/ordinator/todo.js
[0mCompiling "resources/public/js/app.js" from ["src/cljs" "env/dev/cljs"]...
[32mSuccessfully compiled "resources/public/js/app.js" in 0.268 seconds.[0m
notifying browser that file changed:  /cljs/ordinator/todo.js
[0mCompiling "resources/public/js/app.js" from ["src/cljs" "env/dev/cljs"]...
[32mSuccessfully compiled "resources/public/js/app.js" in 0.242 seconds.[0m
notifying browser that file changed:  resources/public/js/out/cljs_deps.js
notifying browser that file changed:  /ordinator/todo.js
[0mCompiling "resources/public/js/app.js" from ["src/cljs" "env/dev/cljs"]...
[32mSuccessfully compiled "resources/public/js/app.js" in 0.224 seconds.[0m
notifying browser that file changed:  resources/public/js/out/cljs_deps.js
notifying browser that file changed:  /ordinator/core.js
[0mCompiling "resources/public/js/app.js" from ["src/cljs" "env/dev/cljs"]...
[31mCompiling "resources/public/js/app.js" failed.[0m
clojure.lang.ExceptionInfo: failed compiling file:src/cljs/ordinator/core.cljs
 at clojure.core$ex_info.invoke (core.clj:4593)
    cljs.compiler$compile_file$fn__3059.invoke (compiler.cljc:1146)
    cljs.compiler$compile_file.invoke (compiler.cljc:1109)
    cljs.compiler$compile_root.invoke (compiler.cljc:1181)
    cljs.closure$compile_dir.invoke (closure.clj:385)
    cljs.closure$eval3467$fn__3468.invoke (closure.clj:425)
    cljs.closure$eval3420$fn__3421$G__3411__3428.invoke (closure.clj:331)
    cljs.closure$eval3480$fn__3481.invoke (closure.clj:439)
    cljs.closure$eval3420$fn__3421$G__3411__3428.invoke (closure.clj:331)
    clojurescript_build.core.CompilableSourcePaths/fn (core.clj:20)
    clojure.lang.PersistentVector.reduce (PersistentVector.java:333)
    clojure.core$reduce.invoke (core.clj:6518)
    clojurescript_build.core.CompilableSourcePaths._compile (core.clj:19)
    cljs.closure$build.invoke (closure.clj:1476)
    clojurescript_build.core$build_source_paths_STAR_.invoke (core.clj:160)
    figwheel_sidecar.auto_builder$default_build_options$fn__15956.invoke (auto_builder.clj:78)
    figwheel_sidecar.auto_builder$insert_figwheel_connect_script$fn__16002.invoke (auto_builder.clj:217)
    figwheel_sidecar.auto_builder$warning$fn__15953.invoke (auto_builder.clj:74)
    clojurescript_build.auto$time_build$fn__15749.invoke (auto.clj:55)
    clojurescript_build.auto$after$fn__15755.invoke (auto.clj:64)
    clojurescript_build.auto$after$fn__15755.invoke (auto.clj:64)
    clojurescript_build.auto$after$fn__15755.invoke (auto.clj:64)
    clojurescript_build.auto$error$fn__15758.invoke (auto.clj:71)
    clojurescript_build.auto$before$fn__15752.invoke (auto.clj:60)
    clojurescript_build.auto$make_conditional_builder$fn__15770.invoke (auto.clj:103)
    clojure.core$mapv$fn__6727.invoke (core.clj:6616)
    clojure.lang.PersistentVector.reduce (PersistentVector.java:333)
    clojure.core$reduce.invoke (core.clj:6518)
    clojure.core$mapv.invoke (core.clj:6616)
    clojurescript_build.auto$autobuild_STAR_$fn__15856$state_machine__9202__auto____15857$fn__15862.invoke (auto.clj:186)
[0mCompiling "resources/public/js/app.js" from ["src/cljs" "env/dev/cljs"]...
[32mSuccessfully compiled "resources/public/js/app.js" in 0.246 seconds.[0m
notifying browser that file changed:  /ordinator/todo.js
[0mCompiling "resources/public/js/app.js" from ["src/cljs" "env/dev/cljs"]...
[32mSuccessfully compiled "resources/public/js/app.js" in 0.227 seconds.[0m
notifying browser that file changed:  /ordinator/core.js
[0mCompiling "resources/public/js/app.js" from ["src/cljs" "env/dev/cljs"]...
[32mSuccessfully compiled "resources/public/js/app.js" in 0.236 seconds.[0m
notifying browser that file changed:  /ordinator/core.js
sending changed CSS file: resources/public/css/site.css
sending changed CSS file: resources/public/css/site.css
[0mCompiling "resources/public/js/app.js" from ["src/cljs" "env/dev/cljs"]...
WARNING: Use of undeclared Var ordinator.core/line at line 20 src/cljs/ordinator/core.cljs
WARNING: Use of undeclared Var ordinator.core/line at line 21 src/cljs/ordinator/core.cljs
WARNING: Use of undeclared Var ordinator.core/line at line 22 src/cljs/ordinator/core.cljs
WARNING: Use of undeclared Var ordinator.core/line at line 23 src/cljs/ordinator/core.cljs
WARNING: Use of undeclared Var ordinator.core/line at line 24 src/cljs/ordinator/core.cljs
WARNING: Use of undeclared Var ordinator.core/line at line 26 src/cljs/ordinator/core.cljs
[32mSuccessfully compiled "resources/public/js/app.js" in 0.384 seconds.[0m
notifying browser that file changed:  /ordinator/core.js
[0mCompiling "resources/public/js/app.js" from ["src/cljs" "env/dev/cljs"]...
[32mSuccessfully compiled "resources/public/js/app.js" in 0.238 seconds.[0m
notifying browser that file changed:  resources/public/js/out/cljs_deps.js
notifying browser that file changed:  /ordinator/core.js
[0mCompiling "resources/public/js/app.js" from ["src/cljs" "env/dev/cljs"]...
[32mSuccessfully compiled "resources/public/js/app.js" in 0.234 seconds.[0m
notifying browser that file changed:  resources/public/js/out/cljs_deps.js
notifying browser that file changed:  /ordinator/core.js
Figwheel: focusing on build-ids (app)
[0mCompiling "resources/public/js/app.js" from ["src/cljs" "env/dev/cljs"]...
[32mSuccessfully compiled "resources/public/js/app.js" in 0.206 seconds.[0m
notifying browser that file changed:  resources/public/js/out/goog/deps.js
notifying browser that file changed:  resources/public/js/out/cljs_deps.js
notifying browser that file changed:  /ordinator/todo.js
notifying browser that file changed:  /ordinator/dev.js
notifying browser that file changed:  /ordinator/core.js
[0mCompiling "resources/public/js/app.js" from ["src/cljs" "env/dev/cljs"]...
[32mSuccessfully compiled "resources/public/js/app.js" in 0.343 seconds.[0m
notifying browser that file changed:  /ordinator/core.js
[0mCompiling "resources/public/js/app.js" from ["src/cljs" "env/dev/cljs"]...
[32mSuccessfully compiled "resources/public/js/app.js" in 0.316 seconds.[0m
notifying browser that file changed:  /ordinator/core.js
[0mCompiling "resources/public/js/app.js" from ["src/cljs" "env/dev/cljs"]...
[32mSuccessfully compiled "resources/public/js/app.js" in 0.253 seconds.[0m
notifying browser that file changed:  /ordinator/core.js
[0mCompiling "resources/public/js/app.js" from ["src/cljs" "env/dev/cljs"]...
[32mSuccessfully compiled "resources/public/js/app.js" in 0.26 seconds.[0m
notifying browser that file changed:  /ordinator/core.js
[0mCompiling "resources/public/js/app.js" from ["src/cljs" "env/dev/cljs"]...
[32mSuccessfully compiled "resources/public/js/app.js" in 0.241 seconds.[0m
notifying browser that file changed:  /ordinator/core.js
[0mCompiling "resources/public/js/app.js" from ["src/cljs" "env/dev/cljs"]...
[32mSuccessfully compiled "resources/public/js/app.js" in 0.258 seconds.[0m
notifying browser that file changed:  /ordinator/core.js
[0mCompiling "resources/public/js/app.js" from ["src/cljs" "env/dev/cljs"]...
[31mCompiling "resources/public/js/app.js" failed.[0m
clojure.lang.ExceptionInfo: failed compiling file:src/cljs/ordinator/core.cljs
 at clojure.core$ex_info.invoke (core.clj:4593)
    cljs.compiler$compile_file$fn__3059.invoke (compiler.cljc:1146)
    cljs.compiler$compile_file.invoke (compiler.cljc:1109)
    cljs.compiler$compile_root.invoke (compiler.cljc:1181)
    cljs.closure$compile_dir.invoke (closure.clj:385)
    cljs.closure$eval3467$fn__3468.invoke (closure.clj:425)
    cljs.closure$eval3420$fn__3421$G__3411__3428.invoke (closure.clj:331)
    cljs.closure$eval3480$fn__3481.invoke (closure.clj:439)
    cljs.closure$eval3420$fn__3421$G__3411__3428.invoke (closure.clj:331)
    clojurescript_build.core.CompilableSourcePaths/fn (core.clj:20)
    clojure.lang.PersistentVector.reduce (PersistentVector.java:333)
    clojure.core$reduce.invoke (core.clj:6518)
    clojurescript_build.core.CompilableSourcePaths._compile (core.clj:19)
    cljs.closure$build.invoke (closure.clj:1476)
    clojurescript_build.core$build_source_paths_STAR_.invoke (core.clj:160)
    figwheel_sidecar.auto_builder$default_build_options$fn__15956.invoke (auto_builder.clj:78)
    figwheel_sidecar.auto_builder$insert_figwheel_connect_script$fn__16002.invoke (auto_builder.clj:217)
    figwheel_sidecar.auto_builder$warning$fn__15953.invoke (auto_builder.clj:74)
    clojurescript_build.auto$time_build$fn__15749.invoke (auto.clj:55)
    clojurescript_build.auto$after$fn__15755.invoke (auto.clj:64)
    clojurescript_build.auto$after$fn__15755.invoke (auto.clj:64)
    clojurescript_build.auto$after$fn__15755.invoke (auto.clj:64)
    clojurescript_build.auto$error$fn__15758.invoke (auto.clj:71)
    clojurescript_build.auto$before$fn__15752.invoke (auto.clj:60)
    clojurescript_build.auto$make_conditional_builder$fn__15770.invoke (auto.clj:103)
    clojure.core$mapv$fn__6727.invoke (core.clj:6616)
    clojure.lang.PersistentVector.reduce (PersistentVector.java:333)
    clojure.core$reduce.invoke (core.clj:6518)
    clojure.core$mapv.invoke (core.clj:6616)
    clojurescript_build.auto$autobuild_STAR_$fn__15856$state_machine__9202__auto____15857$fn__15862.invoke (auto.clj:186)
[0mCompiling "resources/public/js/app.js" from ["src/cljs" "env/dev/cljs"]...
[32mSuccessfully compiled "resources/public/js/app.js" in 0.269 seconds.[0m
notifying browser that file changed:  /ordinator/core.js
[0mCompiling "resources/public/js/app.js" from ["src/cljs" "env/dev/cljs"]...
[32mSuccessfully compiled "resources/public/js/app.js" in 0.276 seconds.[0m
notifying browser that file changed:  /ordinator/core.js
[0mCompiling "resources/public/js/app.js" from ["src/cljs" "env/dev/cljs"]...
[32mSuccessfully compiled "resources/public/js/app.js" in 0.277 seconds.[0m
notifying browser that file changed:  /ordinator/core.js
[0mCompiling "resources/public/js/app.js" from ["src/cljs" "env/dev/cljs"]...
[32mSuccessfully compiled "resources/public/js/app.js" in 0.229 seconds.[0m
notifying browser that file changed:  /ordinator/core.js
[0mCompiling "resources/public/js/app.js" from ["src/cljs" "env/dev/cljs"]...
[32mSuccessfully compiled "resources/public/js/app.js" in 0.261 seconds.[0m
notifying browser that file changed:  /ordinator/todo.js
[0mCompiling "resources/public/js/app.js" from ["src/cljs" "env/dev/cljs"]...
[32mSuccessfully compiled "resources/public/js/app.js" in 0.265 seconds.[0m
notifying browser that file changed:  /ordinator/core.js
[0mCompiling "resources/public/js/app.js" from ["src/cljs" "env/dev/cljs"]...
[32mSuccessfully compiled "resources/public/js/app.js" in 0.126 seconds.[0m
notifying browser that file changed:  resources/public/js/out/cljs_deps.js
notifying browser that file changed:  /cljs/ordinator/order.js
[0mCompiling "resources/public/js/app.js" from ["src/cljs" "env/dev/cljs"]...
[31mCompiling "resources/public/js/app.js" failed.[0m
clojure.lang.ExceptionInfo: Only :as and :refer options supported in :require / :require-macros; offending spec: [ordinator [todo :as todo] [order :as order]] at line 1 src/cljs/ordinator/core.cljs
 at clojure.core$ex_info.invoke (core.clj:4593)
    cljs.analyzer$error.invoke (analyzer.cljc:384)
    cljs.analyzer$error.invoke (analyzer.cljc:382)
    cljs.analyzer$basic_validate_ns_spec.invoke (analyzer.cljc:1332)
    cljs.analyzer$parse_require_spec.invoke (analyzer.cljc:1368)
    clojure.lang.AFn.applyToHelper (AFn.java:171)
    clojure.lang.AFn.applyTo (AFn.java:144)
    clojure.core$apply.invoke (core.clj:636)
    clojure.core$partial$fn__4533.doInvoke (core.clj:2512)
    clojure.lang.RestFn.invoke (RestFn.java:408)
    clojure.core$map$fn__4553.invoke (core.clj:2622)
    clojure.lang.LazySeq.sval (LazySeq.java:40)
    clojure.lang.LazySeq.seq (LazySeq.java:49)
    clojure.lang.Cons.next (Cons.java:39)
    clojure.lang.RT.boundedLength (RT.java:1735)
    clojure.lang.RestFn.applyTo (RestFn.java:130)
    clojure.core$apply.invoke (core.clj:634)
    cljs.analyzer$eval1872$fn__1874$fn__1878.invoke (analyzer.cljc:1540)
    clojure.core.protocols/fn (protocols.clj:167)
    clojure.core.protocols$fn__6478$G__6473__6487.invoke (protocols.clj:19)
    clojure.core.protocols$seq_reduce.invoke (protocols.clj:31)
    clojure.core.protocols/fn (protocols.clj:101)
    clojure.core.protocols$fn__6452$G__6447__6465.invoke (protocols.clj:13)
    clojure.core$reduce.invoke (core.clj:6519)
    cljs.analyzer$eval1872$fn__1874.invoke (analyzer.cljc:1523)
    clojure.lang.MultiFn.invoke (MultiFn.java:251)
    cljs.analyzer$analyze_seq.invoke (analyzer.cljc:1900)
    cljs.analyzer$analyze$fn__2122.invoke (analyzer.cljc:1992)
    cljs.analyzer$analyze.invoke (analyzer.cljc:1985)
    cljs.analyzer$parse_ns$fn__2150$fn__2151.invoke (analyzer.cljc:2113)
[0mCompiling "resources/public/js/app.js" from ["src/cljs" "env/dev/cljs"]...
[31mCompiling "resources/public/js/app.js" failed.[0m
clojure.lang.ExceptionInfo: Only :as and :refer options supported in :require / :require-macros; offending spec: [ordinator [todo :as todo] [order :as order]] at line 1 src/cljs/ordinator/core.cljs
 at clojure.core$ex_info.invoke (core.clj:4593)
    cljs.analyzer$error.invoke (analyzer.cljc:384)
    cljs.analyzer$error.invoke (analyzer.cljc:382)
    cljs.analyzer$basic_validate_ns_spec.invoke (analyzer.cljc:1332)
    cljs.analyzer$parse_require_spec.invoke (analyzer.cljc:1368)
    clojure.lang.AFn.applyToHelper (AFn.java:171)
    clojure.lang.AFn.applyTo (AFn.java:144)
    clojure.core$apply.invoke (core.clj:636)
    clojure.core$partial$fn__4533.doInvoke (core.clj:2512)
    clojure.lang.RestFn.invoke (RestFn.java:408)
    clojure.core$map$fn__4553.invoke (core.clj:2622)
    clojure.lang.LazySeq.sval (LazySeq.java:40)
    clojure.lang.LazySeq.seq (LazySeq.java:49)
    clojure.lang.Cons.next (Cons.java:39)
    clojure.lang.RT.boundedLength (RT.java:1735)
    clojure.lang.RestFn.applyTo (RestFn.java:130)
    clojure.core$apply.invoke (core.clj:634)
    cljs.analyzer$eval1872$fn__1874$fn__1878.invoke (analyzer.cljc:1540)
    clojure.core.protocols/fn (protocols.clj:167)
    clojure.core.protocols$fn__6478$G__6473__6487.invoke (protocols.clj:19)
    clojure.core.protocols$seq_reduce.invoke (protocols.clj:31)
    clojure.core.protocols/fn (protocols.clj:101)
    clojure.core.protocols$fn__6452$G__6447__6465.invoke (protocols.clj:13)
    clojure.core$reduce.invoke (core.clj:6519)
    cljs.analyzer$eval1872$fn__1874.invoke (analyzer.cljc:1523)
    clojure.lang.MultiFn.invoke (MultiFn.java:251)
    cljs.analyzer$analyze_seq.invoke (analyzer.cljc:1900)
    cljs.analyzer$analyze$fn__2122.invoke (analyzer.cljc:1992)
    cljs.analyzer$analyze.invoke (analyzer.cljc:1985)
    cljs.analyzer$parse_ns$fn__2150$fn__2151.invoke (analyzer.cljc:2113)
[0mCompiling "resources/public/js/app.js" from ["src/cljs" "env/dev/cljs"]...
WARNING: No such namespace: reagent, could not locate reagent.cljs, reagent.cljc, or Closure namespace "" at line 9 src/cljs/ordinator/order.cljs
WARNING: Use of undeclared Var reagent/atom at line 9 src/cljs/ordinator/order.cljs
[32mSuccessfully compiled "resources/public/js/app.js" in 0.277 seconds.[0m
notifying browser that file changed:  resources/public/js/out/cljs_deps.js
notifying browser that file changed:  /ordinator/core.js
[0mCompiling "resources/public/js/app.js" from ["src/cljs" "env/dev/cljs"]...
[32mSuccessfully compiled "resources/public/js/app.js" in 0.175 seconds.[0m
notifying browser that file changed:  /ordinator/order.js
sending changed CSS file: resources/public/css/site.css
[0mCompiling "resources/public/js/app.js" from ["src/cljs" "env/dev/cljs"]...
[31mCompiling "resources/public/js/app.js" failed.[0m
clojure.lang.ExceptionInfo: failed compiling file:src/cljs/ordinator/order.cljs
 at clojure.core$ex_info.invoke (core.clj:4593)
    cljs.compiler$compile_file$fn__3059.invoke (compiler.cljc:1146)
    cljs.compiler$compile_file.invoke (compiler.cljc:1109)
    cljs.compiler$compile_root.invoke (compiler.cljc:1181)
    cljs.closure$compile_dir.invoke (closure.clj:385)
    cljs.closure$eval3467$fn__3468.invoke (closure.clj:425)
    cljs.closure$eval3420$fn__3421$G__3411__3428.invoke (closure.clj:331)
    cljs.closure$eval3480$fn__3481.invoke (closure.clj:439)
    cljs.closure$eval3420$fn__3421$G__3411__3428.invoke (closure.clj:331)
    clojurescript_build.core.CompilableSourcePaths/fn (core.clj:20)
    clojure.lang.PersistentVector.reduce (PersistentVector.java:333)
    clojure.core$reduce.invoke (core.clj:6518)
    clojurescript_build.core.CompilableSourcePaths._compile (core.clj:19)
    cljs.closure$build.invoke (closure.clj:1476)
    clojurescript_build.core$build_source_paths_STAR_.invoke (core.clj:160)
    figwheel_sidecar.auto_builder$default_build_options$fn__15956.invoke (auto_builder.clj:78)
    figwheel_sidecar.auto_builder$insert_figwheel_connect_script$fn__16002.invoke (auto_builder.clj:217)
    figwheel_sidecar.auto_builder$warning$fn__15953.invoke (auto_builder.clj:74)
    clojurescript_build.auto$time_build$fn__15749.invoke (auto.clj:55)
    clojurescript_build.auto$after$fn__15755.invoke (auto.clj:64)
    clojurescript_build.auto$after$fn__15755.invoke (auto.clj:64)
    clojurescript_build.auto$after$fn__15755.invoke (auto.clj:64)
    clojurescript_build.auto$error$fn__15758.invoke (auto.clj:71)
    clojurescript_build.auto$before$fn__15752.invoke (auto.clj:60)
    clojurescript_build.auto$make_conditional_builder$fn__15770.invoke (auto.clj:103)
    clojure.core$mapv$fn__6727.invoke (core.clj:6616)
    clojure.lang.PersistentVector.reduce (PersistentVector.java:333)
    clojure.core$reduce.invoke (core.clj:6518)
    clojure.core$mapv.invoke (core.clj:6616)
    clojurescript_build.auto$autobuild_STAR_$fn__15856$state_machine__9202__auto____15857$fn__15862.invoke (auto.clj:186)
[0mCompiling "resources/public/js/app.js" from ["src/cljs" "env/dev/cljs"]...
[31mCompiling "resources/public/js/app.js" failed.[0m
clojure.lang.ExceptionInfo: failed compiling file:src/cljs/ordinator/order.cljs
 at clojure.core$ex_info.invoke (core.clj:4593)
    cljs.compiler$compile_file$fn__3059.invoke (compiler.cljc:1146)
    cljs.compiler$compile_file.invoke (compiler.cljc:1109)
    cljs.compiler$compile_root.invoke (compiler.cljc:1181)
    cljs.closure$compile_dir.invoke (closure.clj:385)
    cljs.closure$eval3467$fn__3468.invoke (closure.clj:425)
    cljs.closure$eval3420$fn__3421$G__3411__3428.invoke (closure.clj:331)
    cljs.closure$eval3480$fn__3481.invoke (closure.clj:439)
    cljs.closure$eval3420$fn__3421$G__3411__3428.invoke (closure.clj:331)
    clojurescript_build.core.CompilableSourcePaths/fn (core.clj:20)
    clojure.lang.PersistentVector.reduce (PersistentVector.java:333)
    clojure.core$reduce.invoke (core.clj:6518)
    clojurescript_build.core.CompilableSourcePaths._compile (core.clj:19)
    cljs.closure$build.invoke (closure.clj:1476)
    clojurescript_build.core$build_source_paths_STAR_.invoke (core.clj:160)
    figwheel_sidecar.auto_builder$default_build_options$fn__15956.invoke (auto_builder.clj:78)
    figwheel_sidecar.auto_builder$insert_figwheel_connect_script$fn__16002.invoke (auto_builder.clj:217)
    figwheel_sidecar.auto_builder$warning$fn__15953.invoke (auto_builder.clj:74)
    clojurescript_build.auto$time_build$fn__15749.invoke (auto.clj:55)
    clojurescript_build.auto$after$fn__15755.invoke (auto.clj:64)
    clojurescript_build.auto$after$fn__15755.invoke (auto.clj:64)
    clojurescript_build.auto$after$fn__15755.invoke (auto.clj:64)
    clojurescript_build.auto$error$fn__15758.invoke (auto.clj:71)
    clojurescript_build.auto$before$fn__15752.invoke (auto.clj:60)
    clojurescript_build.auto$make_conditional_builder$fn__15770.invoke (auto.clj:103)
    clojure.core$mapv$fn__6727.invoke (core.clj:6616)
    clojure.lang.PersistentVector.reduce (PersistentVector.java:333)
    clojure.core$reduce.invoke (core.clj:6518)
    clojure.core$mapv.invoke (core.clj:6616)
    clojurescript_build.auto$autobuild_STAR_$fn__15856$state_machine__9202__auto____15857$fn__15862.invoke (auto.clj:186)
[0mCompiling "resources/public/js/app.js" from ["src/cljs" "env/dev/cljs"]...
[32mSuccessfully compiled "resources/public/js/app.js" in 0.237 seconds.[0m
notifying browser that file changed:  /ordinator/order.js
